-------------------------------------------------------------------------------
Test set: tacos.HomePageBrowserTest
-------------------------------------------------------------------------------
Tests run: 1, Failures: 0, Errors: 1, Skipped: 0, Time elapsed: 0.02 s <<< FAILURE! - in tacos.HomePageBrowserTest
tacos.HomePageBrowserTest  Time elapsed: 0.02 s  <<< ERROR!
java.lang.NoClassDefFoundError: org/springframework/format/datetime/standard/InstantFormatter
Caused by: java.lang.ClassNotFoundException: org.springframework.format.datetime.standard.InstantFormatter

